<?xml version="1.0" encoding="UTF-8"?>
<!-- Generated by org.testng.reporters.JUnitReportReporter -->
<testsuite hostname="priyaranjan" failures="0" tests="1" name="testdata.fetchingdatafromproperties" time="48.416" errors="0" timestamp="2022-04-27T23:59:52 IST" skipped="0">
  <testcase classname="testdata.fetchingdatafromproperties" name="fdfpf" time="48.416"/>
  <system-out/>
</testsuite> <!-- testdata.fetchingdatafromproperties -->
