<?xml version="1.0" encoding="UTF-8"?>
<!-- Generated by org.testng.reporters.JUnitReportReporter -->
<testsuite hostname="priyaranjan" failures="0" tests="1" name="testdata.writedatatoexcel" time="0.981" errors="0" timestamp="2022-04-27T23:38:51 IST" skipped="0">
  <testcase classname="testdata.writedatatoexcel" name="writedata" time="0.981"/>
  <system-out/>
</testsuite> <!-- testdata.writedatatoexcel -->
